Running random walk with restart...
100 of 2891 (263.94 s) ...
200 of 2891 (412.76 s) ...
300 of 2891 (547.29 s) ...
400 of 2891 (676.97 s) ...
500 of 2891 (792.35 s) ...
600 of 2891 (894.27 s) ...
700 of 2891 (996.63 s) ...
800 of 2891 (1102.39 s) ...
900 of 2891 (1201.88 s) ...
1000 of 2891 (1299.83 s) ...
1100 of 2891 (1396.96 s) ...
1200 of 2891 (1497.61 s) ...
1300 of 2891 (1595.50 s) ...
1400 of 2891 (1697.05 s) ...
1500 of 2891 (1794.92 s) ...
1600 of 2891 (1894.32 s) ...
1700 of 2891 (1991.94 s) ...
1800 of 2891 (2093.97 s) ...
1900 of 2891 (2191.49 s) ...
2000 of 2891 (2287.08 s) ...
2100 of 2891 (2384.13 s) ...
2200 of 2891 (2480.82 s) ...
2300 of 2891 (2577.63 s) ...
2400 of 2891 (2672.93 s) ...
2500 of 2891 (2768.49 s) ...
2600 of 2891 (2864.46 s) ...
2700 of 2891 (2960.54 s) ...
2800 of 2891 (3061.44 s) ...
Running random walk with restart... Done.
Adjacent cache info: CacheInfo(hits=0, misses=2891, maxsize=2, currsize=2)
Adjacent-and-prob cache info: CacheInfo(hits=407928, misses=560891, maxsize=1000000, currsize=560891)
Step cache info: CacheInfo(hits=433064774, misses=560891, maxsize=1000000, currsize=560891)
