2015-05-26 17:57:42,427 - semsig - INFO - Running random walk with restart...
2015-05-26 18:00:46,228 - semsig - INFO - 100 of 26317 (183.80 s) ...
2015-05-26 18:03:11,849 - semsig - INFO - 200 of 26317 (329.42 s) ...
2015-05-26 18:05:18,506 - semsig - INFO - 300 of 26317 (456.07 s) ...
2015-05-26 18:07:24,611 - semsig - INFO - 400 of 26317 (582.18 s) ...
2015-05-26 18:09:23,633 - semsig - INFO - 500 of 26317 (701.20 s) ...
2015-05-26 18:11:17,885 - semsig - INFO - 600 of 26317 (815.45 s) ...
2015-05-26 18:13:22,757 - semsig - INFO - 700 of 26317 (940.33 s) ...
2015-05-26 18:15:12,283 - semsig - INFO - 800 of 26317 (1049.85 s) ...
2015-05-26 18:17:01,675 - semsig - INFO - 900 of 26317 (1159.24 s) ...
2015-05-26 18:18:49,157 - semsig - INFO - 1000 of 26317 (1266.73 s) ...
2015-05-26 18:20:31,241 - semsig - INFO - 1100 of 26317 (1368.81 s) ...
2015-05-26 18:22:30,215 - semsig - INFO - 1200 of 26317 (1487.78 s) ...
2015-05-26 18:24:30,568 - semsig - INFO - 1300 of 26317 (1608.14 s) ...
2015-05-26 18:26:18,746 - semsig - INFO - 1400 of 26317 (1716.32 s) ...
2015-05-26 18:28:00,624 - semsig - INFO - 1500 of 26317 (1818.19 s) ...
2015-05-26 18:29:43,256 - semsig - INFO - 1600 of 26317 (1920.83 s) ...
2015-05-26 18:31:40,316 - semsig - INFO - 1700 of 26317 (2037.89 s) ...
2015-05-26 18:33:34,967 - semsig - INFO - 1800 of 26317 (2152.54 s) ...
2015-05-26 18:35:25,033 - semsig - INFO - 1900 of 26317 (2262.60 s) ...
2015-05-26 18:37:14,296 - semsig - INFO - 2000 of 26317 (2371.87 s) ...
2015-05-26 18:38:46,282 - semsig - INFO - 2100 of 26317 (2463.85 s) ...
2015-05-26 18:40:31,431 - semsig - INFO - 2200 of 26317 (2569.00 s) ...
2015-05-26 18:42:24,079 - semsig - INFO - 2300 of 26317 (2681.65 s) ...
2015-05-26 18:44:06,727 - semsig - INFO - 2400 of 26317 (2784.30 s) ...
2015-05-26 18:45:59,076 - semsig - INFO - 2500 of 26317 (2896.64 s) ...
2015-05-26 18:47:48,591 - semsig - INFO - 2600 of 26317 (3006.16 s) ...
2015-05-26 18:49:36,904 - semsig - INFO - 2700 of 26317 (3114.47 s) ...
2015-05-26 18:51:24,647 - semsig - INFO - 2800 of 26317 (3222.22 s) ...
2015-05-26 18:53:19,100 - semsig - INFO - 2900 of 26317 (3336.67 s) ...
2015-05-26 18:55:14,890 - semsig - INFO - 3000 of 26317 (3452.46 s) ...
2015-05-26 18:56:48,516 - semsig - INFO - 3100 of 26317 (3546.09 s) ...
2015-05-26 18:58:42,953 - semsig - INFO - 3200 of 26317 (3660.52 s) ...
2015-05-26 19:00:22,961 - semsig - INFO - 3300 of 26317 (3760.53 s) ...
2015-05-26 19:02:01,808 - semsig - INFO - 3400 of 26317 (3859.38 s) ...
2015-05-26 19:03:55,480 - semsig - INFO - 3500 of 26317 (3973.05 s) ...
2015-05-26 19:05:38,995 - semsig - INFO - 3600 of 26317 (4076.56 s) ...
2015-05-26 19:07:17,672 - semsig - INFO - 3700 of 26317 (4175.24 s) ...
2015-05-26 19:09:09,065 - semsig - INFO - 3800 of 26317 (4286.63 s) ...
2015-05-26 19:11:02,309 - semsig - INFO - 3900 of 26317 (4399.88 s) ...
2015-05-26 19:12:56,597 - semsig - INFO - 4000 of 26317 (4514.17 s) ...
2015-05-26 19:14:40,664 - semsig - INFO - 4100 of 26317 (4618.23 s) ...
2015-05-26 19:16:35,561 - semsig - INFO - 4200 of 26317 (4733.13 s) ...
2015-05-26 19:18:30,735 - semsig - INFO - 4300 of 26317 (4848.30 s) ...
2015-05-26 19:20:20,682 - semsig - INFO - 4400 of 26317 (4958.25 s) ...
2015-05-26 19:22:08,213 - semsig - INFO - 4500 of 26317 (5065.78 s) ...
2015-05-26 19:23:46,908 - semsig - INFO - 4600 of 26317 (5164.48 s) ...
2015-05-26 19:25:41,776 - semsig - INFO - 4700 of 26317 (5279.35 s) ...
2015-05-26 19:27:36,433 - semsig - INFO - 4800 of 26317 (5394.00 s) ...
2015-05-26 19:29:31,522 - semsig - INFO - 4900 of 26317 (5509.09 s) ...
2015-05-26 19:31:15,197 - semsig - INFO - 5000 of 26317 (5612.77 s) ...
2015-05-26 19:33:08,543 - semsig - INFO - 5100 of 26317 (5726.11 s) ...
2015-05-26 19:35:01,878 - semsig - INFO - 5200 of 26317 (5839.45 s) ...
2015-05-26 19:36:56,120 - semsig - INFO - 5300 of 26317 (5953.69 s) ...
2015-05-26 19:38:44,193 - semsig - INFO - 5400 of 26317 (6061.76 s) ...
2015-05-26 19:40:33,691 - semsig - INFO - 5500 of 26317 (6171.26 s) ...
2015-05-26 19:42:29,423 - semsig - INFO - 5600 of 26317 (6286.99 s) ...
2015-05-26 19:44:16,410 - semsig - INFO - 5700 of 26317 (6393.98 s) ...
2015-05-26 19:45:49,933 - semsig - INFO - 5800 of 26317 (6487.50 s) ...
2015-05-26 19:47:23,790 - semsig - INFO - 5900 of 26317 (6581.36 s) ...
2015-05-26 19:48:59,962 - semsig - INFO - 6000 of 26317 (6677.53 s) ...
2015-05-26 19:50:32,920 - semsig - INFO - 6100 of 26317 (6770.49 s) ...
2015-05-26 19:52:05,230 - semsig - INFO - 6200 of 26317 (6862.80 s) ...
2015-05-26 19:53:46,805 - semsig - INFO - 6300 of 26317 (6964.37 s) ...
2015-05-26 19:55:32,621 - semsig - INFO - 6400 of 26317 (7070.19 s) ...
2015-05-26 19:57:11,438 - semsig - INFO - 6500 of 26317 (7169.01 s) ...
2015-05-26 19:58:55,274 - semsig - INFO - 6600 of 26317 (7272.84 s) ...
2015-05-26 20:00:48,925 - semsig - INFO - 6700 of 26317 (7386.49 s) ...
2015-05-26 20:02:30,446 - semsig - INFO - 6800 of 26317 (7488.02 s) ...
2015-05-26 20:04:03,198 - semsig - INFO - 6900 of 26317 (7580.77 s) ...
2015-05-26 20:05:35,746 - semsig - INFO - 7000 of 26317 (7673.32 s) ...
2015-05-26 20:07:07,480 - semsig - INFO - 7100 of 26317 (7765.05 s) ...
2015-05-26 20:08:42,719 - semsig - INFO - 7200 of 26317 (7860.29 s) ...
2015-05-26 20:10:31,968 - semsig - INFO - 7300 of 26317 (7969.54 s) ...
2015-05-26 20:12:08,235 - semsig - INFO - 7400 of 26317 (8065.80 s) ...
2015-05-26 20:13:41,141 - semsig - INFO - 7500 of 26317 (8158.71 s) ...
2015-05-26 20:15:13,730 - semsig - INFO - 7600 of 26317 (8251.30 s) ...
2015-05-26 20:17:07,280 - semsig - INFO - 7700 of 26317 (8364.85 s) ...
2015-05-26 20:18:48,891 - semsig - INFO - 7800 of 26317 (8466.46 s) ...
2015-05-26 20:20:40,361 - semsig - INFO - 7900 of 26317 (8577.93 s) ...
2015-05-26 20:22:33,385 - semsig - INFO - 8000 of 26317 (8690.95 s) ...
2015-05-26 20:24:10,081 - semsig - INFO - 8100 of 26317 (8787.65 s) ...
2015-05-26 20:25:42,472 - semsig - INFO - 8200 of 26317 (8880.04 s) ...
2015-05-26 20:27:16,881 - semsig - INFO - 8300 of 26317 (8974.45 s) ...
2015-05-26 20:29:10,484 - semsig - INFO - 8400 of 26317 (9088.05 s) ...
2015-05-26 20:31:03,819 - semsig - INFO - 8500 of 26317 (9201.39 s) ...
2015-05-26 20:32:36,602 - semsig - INFO - 8600 of 26317 (9294.17 s) ...
2015-05-26 20:34:12,167 - semsig - INFO - 8700 of 26317 (9389.74 s) ...
2015-05-26 20:35:48,933 - semsig - INFO - 8800 of 26317 (9486.50 s) ...
2015-05-26 20:37:42,448 - semsig - INFO - 8900 of 26317 (9600.02 s) ...
2015-05-26 20:39:35,873 - semsig - INFO - 9000 of 26317 (9713.44 s) ...
2015-05-26 20:41:08,632 - semsig - INFO - 9100 of 26317 (9806.20 s) ...
2015-05-26 20:42:48,892 - semsig - INFO - 9200 of 26317 (9906.46 s) ...
2015-05-26 20:44:18,974 - semsig - INFO - 9300 of 26317 (9996.54 s) ...
2015-05-26 20:45:51,546 - semsig - INFO - 9400 of 26317 (10089.12 s) ...
2015-05-26 20:47:44,320 - semsig - INFO - 9500 of 26317 (10201.89 s) ...
2015-05-26 20:49:36,681 - semsig - INFO - 9600 of 26317 (10314.25 s) ...
2015-05-26 20:51:21,530 - semsig - INFO - 9700 of 26317 (10419.10 s) ...
2015-05-26 20:53:11,073 - semsig - INFO - 9800 of 26317 (10528.64 s) ...
2015-05-26 20:54:55,323 - semsig - INFO - 9900 of 26317 (10632.89 s) ...
2015-05-26 20:56:28,245 - semsig - INFO - 10000 of 26317 (10725.81 s) ...
2015-05-26 20:58:21,915 - semsig - INFO - 10100 of 26317 (10839.48 s) ...
2015-05-26 21:00:11,084 - semsig - INFO - 10200 of 26317 (10948.65 s) ...
2015-05-26 21:01:59,064 - semsig - INFO - 10300 of 26317 (11056.63 s) ...
2015-05-26 21:03:41,388 - semsig - INFO - 10400 of 26317 (11158.96 s) ...
2015-05-26 21:05:16,782 - semsig - INFO - 10500 of 26317 (11254.35 s) ...
2015-05-26 21:07:04,626 - semsig - INFO - 10600 of 26317 (11362.20 s) ...
2015-05-26 21:08:35,719 - semsig - INFO - 10700 of 26317 (11453.29 s) ...
2015-05-26 21:10:05,808 - semsig - INFO - 10800 of 26317 (11543.38 s) ...
2015-05-26 21:11:56,041 - semsig - INFO - 10900 of 26317 (11653.61 s) ...
2015-05-26 21:13:47,874 - semsig - INFO - 11000 of 26317 (11765.44 s) ...
2015-05-26 21:15:24,909 - semsig - INFO - 11100 of 26317 (11862.48 s) ...
2015-05-26 21:17:17,159 - semsig - INFO - 11200 of 26317 (11974.73 s) ...
2015-05-26 21:19:09,788 - semsig - INFO - 11300 of 26317 (12087.36 s) ...
2015-05-26 21:20:57,574 - semsig - INFO - 11400 of 26317 (12195.14 s) ...
2015-05-26 21:22:32,946 - semsig - INFO - 11500 of 26317 (12290.52 s) ...
2015-05-26 21:24:14,522 - semsig - INFO - 11600 of 26317 (12392.09 s) ...
2015-05-26 21:26:05,619 - semsig - INFO - 11700 of 26317 (12503.19 s) ...
2015-05-26 21:27:57,460 - semsig - INFO - 11800 of 26317 (12615.03 s) ...
2015-05-26 21:29:48,253 - semsig - INFO - 11900 of 26317 (12725.82 s) ...
2015-05-26 21:31:43,622 - semsig - INFO - 12000 of 26317 (12841.19 s) ...
2015-05-26 21:33:12,213 - semsig - INFO - 12100 of 26317 (12929.78 s) ...
2015-05-26 21:34:59,248 - semsig - INFO - 12200 of 26317 (13036.82 s) ...
2015-05-26 21:36:51,433 - semsig - INFO - 12300 of 26317 (13149.00 s) ...
2015-05-26 21:38:31,596 - semsig - INFO - 12400 of 26317 (13249.17 s) ...
2015-05-26 21:40:01,778 - semsig - INFO - 12500 of 26317 (13339.35 s) ...
2015-05-26 21:41:38,891 - semsig - INFO - 12600 of 26317 (13436.46 s) ...
2015-05-26 21:43:22,353 - semsig - INFO - 12700 of 26317 (13539.92 s) ...
2015-05-26 21:45:14,081 - semsig - INFO - 12800 of 26317 (13651.65 s) ...
2015-05-26 21:46:56,673 - semsig - INFO - 12900 of 26317 (13754.24 s) ...
2015-05-26 21:48:28,276 - semsig - INFO - 13000 of 26317 (13845.85 s) ...
2015-05-26 21:50:08,578 - semsig - INFO - 13100 of 26317 (13946.15 s) ...
2015-05-26 21:51:39,396 - semsig - INFO - 13200 of 26317 (14036.97 s) ...
2015-05-26 21:53:14,452 - semsig - INFO - 13300 of 26317 (14132.02 s) ...
2015-05-26 21:54:45,671 - semsig - INFO - 13400 of 26317 (14223.24 s) ...
2015-05-26 21:56:16,031 - semsig - INFO - 13500 of 26317 (14313.60 s) ...
2015-05-26 21:57:45,932 - semsig - INFO - 13600 of 26317 (14403.50 s) ...
2015-05-26 21:59:28,430 - semsig - INFO - 13700 of 26317 (14506.00 s) ...
2015-05-26 22:01:19,748 - semsig - INFO - 13800 of 26317 (14617.32 s) ...
2015-05-26 22:03:11,949 - semsig - INFO - 13900 of 26317 (14729.52 s) ...
2015-05-26 22:04:59,081 - semsig - INFO - 14000 of 26317 (14836.65 s) ...
2015-05-26 22:06:50,830 - semsig - INFO - 14100 of 26317 (14948.40 s) ...
2015-05-26 22:08:32,284 - semsig - INFO - 14200 of 26317 (15049.85 s) ...
2015-05-26 22:10:01,688 - semsig - INFO - 14300 of 26317 (15139.26 s) ...
2015-05-26 22:11:31,481 - semsig - INFO - 14400 of 26317 (15229.05 s) ...
2015-05-26 22:13:12,144 - semsig - INFO - 14500 of 26317 (15329.71 s) ...
2015-05-26 22:15:04,709 - semsig - INFO - 14600 of 26317 (15442.28 s) ...
2015-05-26 22:16:56,021 - semsig - INFO - 14700 of 26317 (15553.59 s) ...
2015-05-26 22:18:47,354 - semsig - INFO - 14800 of 26317 (15664.92 s) ...
2015-05-26 22:20:26,928 - semsig - INFO - 14900 of 26317 (15764.50 s) ...
2015-05-26 22:22:14,859 - semsig - INFO - 15000 of 26317 (15872.43 s) ...
2015-05-26 22:24:05,885 - semsig - INFO - 15100 of 26317 (15983.45 s) ...
2015-05-26 22:25:56,069 - semsig - INFO - 15200 of 26317 (16093.64 s) ...
2015-05-26 22:27:29,224 - semsig - INFO - 15300 of 26317 (16186.79 s) ...
2015-05-26 22:29:21,238 - semsig - INFO - 15400 of 26317 (16298.81 s) ...
2015-05-26 22:31:12,056 - semsig - INFO - 15500 of 26317 (16409.63 s) ...
2015-05-26 22:32:51,635 - semsig - INFO - 15600 of 26317 (16509.20 s) ...
2015-05-26 22:34:20,788 - semsig - INFO - 15700 of 26317 (16598.36 s) ...
2015-05-26 22:35:49,475 - semsig - INFO - 15800 of 26317 (16687.04 s) ...
2015-05-26 22:37:18,690 - semsig - INFO - 15900 of 26317 (16776.26 s) ...
2015-05-26 22:38:48,102 - semsig - INFO - 16000 of 26317 (16865.67 s) ...
2015-05-26 22:40:38,700 - semsig - INFO - 16100 of 26317 (16976.27 s) ...
2015-05-26 22:42:30,557 - semsig - INFO - 16200 of 26317 (17088.13 s) ...
2015-05-26 22:44:08,327 - semsig - INFO - 16300 of 26317 (17185.90 s) ...
2015-05-26 22:45:56,530 - semsig - INFO - 16400 of 26317 (17294.10 s) ...
2015-05-26 22:47:41,488 - semsig - INFO - 16500 of 26317 (17399.06 s) ...
2015-05-26 22:49:10,629 - semsig - INFO - 16600 of 26317 (17488.20 s) ...
2015-05-26 22:50:50,408 - semsig - INFO - 16700 of 26317 (17587.98 s) ...
2015-05-26 22:52:41,753 - semsig - INFO - 16800 of 26317 (17699.32 s) ...
2015-05-26 22:54:32,927 - semsig - INFO - 16900 of 26317 (17810.50 s) ...
2015-05-26 22:56:24,395 - semsig - INFO - 17000 of 26317 (17921.96 s) ...
2015-05-26 22:58:15,708 - semsig - INFO - 17100 of 26317 (18033.28 s) ...
2015-05-26 23:00:07,097 - semsig - INFO - 17200 of 26317 (18144.67 s) ...
2015-05-26 23:01:58,887 - semsig - INFO - 17300 of 26317 (18256.46 s) ...
2015-05-26 23:03:50,261 - semsig - INFO - 17400 of 26317 (18367.83 s) ...
2015-05-26 23:05:34,219 - semsig - INFO - 17500 of 26317 (18471.79 s) ...
2015-05-26 23:07:25,468 - semsig - INFO - 17600 of 26317 (18583.04 s) ...
2015-05-26 23:09:10,708 - semsig - INFO - 17700 of 26317 (18688.28 s) ...
2015-05-26 23:10:39,109 - semsig - INFO - 17800 of 26317 (18776.68 s) ...
2015-05-26 23:12:19,704 - semsig - INFO - 17900 of 26317 (18877.27 s) ...
2015-05-26 23:14:01,499 - semsig - INFO - 18000 of 26317 (18979.07 s) ...
2015-05-26 23:15:47,716 - semsig - INFO - 18100 of 26317 (19085.29 s) ...
2015-05-26 23:17:38,973 - semsig - INFO - 18200 of 26317 (19196.54 s) ...
2015-05-26 23:19:29,758 - semsig - INFO - 18300 of 26317 (19307.33 s) ...
2015-05-26 23:21:21,168 - semsig - INFO - 18400 of 26317 (19418.74 s) ...
2015-05-26 23:23:11,939 - semsig - INFO - 18500 of 26317 (19529.51 s) ...
2015-05-26 23:24:40,290 - semsig - INFO - 18600 of 26317 (19617.86 s) ...
2015-05-26 23:26:11,604 - semsig - INFO - 18700 of 26317 (19709.17 s) ...
2015-05-26 23:28:03,088 - semsig - INFO - 18800 of 26317 (19820.66 s) ...
2015-05-26 23:29:54,731 - semsig - INFO - 18900 of 26317 (19932.30 s) ...
2015-05-26 23:31:44,579 - semsig - INFO - 19000 of 26317 (20042.15 s) ...
2015-05-26 23:33:36,078 - semsig - INFO - 19100 of 26317 (20153.65 s) ...
2015-05-26 23:35:27,867 - semsig - INFO - 19200 of 26317 (20265.44 s) ...
2015-05-26 23:37:18,735 - semsig - INFO - 19300 of 26317 (20376.30 s) ...
2015-05-26 23:39:09,535 - semsig - INFO - 19400 of 26317 (20487.10 s) ...
2015-05-26 23:40:47,348 - semsig - INFO - 19500 of 26317 (20584.92 s) ...
2015-05-26 23:42:32,480 - semsig - INFO - 19600 of 26317 (20690.05 s) ...
2015-05-26 23:44:23,879 - semsig - INFO - 19700 of 26317 (20801.45 s) ...
2015-05-26 23:46:14,947 - semsig - INFO - 19800 of 26317 (20912.52 s) ...
2015-05-26 23:48:05,586 - semsig - INFO - 19900 of 26317 (21023.16 s) ...
2015-05-26 23:49:57,135 - semsig - INFO - 20000 of 26317 (21134.70 s) ...
2015-05-26 23:51:48,604 - semsig - INFO - 20100 of 26317 (21246.17 s) ...
2015-05-26 23:53:35,437 - semsig - INFO - 20200 of 26317 (21353.01 s) ...
2015-05-26 23:55:24,751 - semsig - INFO - 20300 of 26317 (21462.32 s) ...
2015-05-26 23:56:53,019 - semsig - INFO - 20400 of 26317 (21550.59 s) ...
2015-05-26 23:58:21,235 - semsig - INFO - 20500 of 26317 (21638.80 s) ...
2015-05-27 00:00:07,983 - semsig - INFO - 20600 of 26317 (21745.55 s) ...
2015-05-27 00:01:59,494 - semsig - INFO - 20700 of 26317 (21857.06 s) ...
2015-05-27 00:03:50,673 - semsig - INFO - 20800 of 26317 (21968.24 s) ...
2015-05-27 00:05:42,389 - semsig - INFO - 20900 of 26317 (22079.96 s) ...
2015-05-27 00:07:25,332 - semsig - INFO - 21000 of 26317 (22182.90 s) ...
2015-05-27 00:08:56,995 - semsig - INFO - 21100 of 26317 (22274.56 s) ...
2015-05-27 00:10:25,617 - semsig - INFO - 21200 of 26317 (22363.19 s) ...
2015-05-27 00:12:15,836 - semsig - INFO - 21300 of 26317 (22473.41 s) ...
2015-05-27 00:14:01,891 - semsig - INFO - 21400 of 26317 (22579.46 s) ...
2015-05-27 00:15:54,265 - semsig - INFO - 21500 of 26317 (22691.83 s) ...
2015-05-27 00:17:44,639 - semsig - INFO - 21600 of 26317 (22802.21 s) ...
2015-05-27 00:19:37,207 - semsig - INFO - 21700 of 26317 (22914.78 s) ...
2015-05-27 00:21:28,546 - semsig - INFO - 21800 of 26317 (23026.12 s) ...
2015-05-27 00:23:20,374 - semsig - INFO - 21900 of 26317 (23137.94 s) ...
2015-05-27 00:25:12,194 - semsig - INFO - 22000 of 26317 (23249.76 s) ...
2015-05-27 00:26:59,770 - semsig - INFO - 22100 of 26317 (23357.34 s) ...
2015-05-27 00:28:51,231 - semsig - INFO - 22200 of 26317 (23468.80 s) ...
2015-05-27 00:30:42,939 - semsig - INFO - 22300 of 26317 (23580.51 s) ...
2015-05-27 00:32:34,337 - semsig - INFO - 22400 of 26317 (23691.91 s) ...
2015-05-27 00:34:24,927 - semsig - INFO - 22500 of 26317 (23802.50 s) ...
2015-05-27 00:36:15,930 - semsig - INFO - 22600 of 26317 (23913.50 s) ...
2015-05-27 00:38:07,367 - semsig - INFO - 22700 of 26317 (24024.94 s) ...
2015-05-27 00:39:59,940 - semsig - INFO - 22800 of 26317 (24137.51 s) ...
2015-05-27 00:41:51,599 - semsig - INFO - 22900 of 26317 (24249.17 s) ...
2015-05-27 00:43:36,990 - semsig - INFO - 23000 of 26317 (24354.56 s) ...
2015-05-27 00:45:05,969 - semsig - INFO - 23100 of 26317 (24443.54 s) ...
2015-05-27 00:46:46,035 - semsig - INFO - 23200 of 26317 (24543.60 s) ...
2015-05-27 00:48:35,322 - semsig - INFO - 23300 of 26317 (24652.89 s) ...
2015-05-27 00:50:13,922 - semsig - INFO - 23400 of 26317 (24751.49 s) ...
2015-05-27 00:52:02,644 - semsig - INFO - 23500 of 26317 (24860.21 s) ...
2015-05-27 00:53:39,822 - semsig - INFO - 23600 of 26317 (24957.39 s) ...
2015-05-27 00:55:30,802 - semsig - INFO - 23700 of 26317 (25068.37 s) ...
2015-05-27 00:57:11,394 - semsig - INFO - 23800 of 26317 (25168.96 s) ...
2015-05-27 00:58:59,157 - semsig - INFO - 23900 of 26317 (25276.73 s) ...
2015-05-27 01:00:32,235 - semsig - INFO - 24000 of 26317 (25369.80 s) ...
2015-05-27 01:02:24,143 - semsig - INFO - 24100 of 26317 (25481.71 s) ...
2015-05-27 01:04:15,322 - semsig - INFO - 24200 of 26317 (25592.89 s) ...
2015-05-27 01:06:07,671 - semsig - INFO - 24300 of 26317 (25705.24 s) ...
2015-05-27 01:07:59,350 - semsig - INFO - 24400 of 26317 (25816.92 s) ...
2015-05-27 01:09:50,376 - semsig - INFO - 24500 of 26317 (25927.95 s) ...
2015-05-27 01:11:42,143 - semsig - INFO - 24600 of 26317 (26039.71 s) ...
2015-05-27 01:13:33,032 - semsig - INFO - 24700 of 26317 (26150.60 s) ...
2015-05-27 01:15:23,739 - semsig - INFO - 24800 of 26317 (26261.31 s) ...
2015-05-27 01:17:14,686 - semsig - INFO - 24900 of 26317 (26372.26 s) ...
2015-05-27 01:19:05,771 - semsig - INFO - 25000 of 26317 (26483.34 s) ...
2015-05-27 01:20:56,834 - semsig - INFO - 25100 of 26317 (26594.40 s) ...
2015-05-27 01:22:43,625 - semsig - INFO - 25200 of 26317 (26701.19 s) ...
2015-05-27 01:24:21,006 - semsig - INFO - 25300 of 26317 (26798.58 s) ...
2015-05-27 01:26:12,654 - semsig - INFO - 25400 of 26317 (26910.22 s) ...
2015-05-27 01:28:04,102 - semsig - INFO - 25500 of 26317 (27021.67 s) ...
2015-05-27 01:29:55,058 - semsig - INFO - 25600 of 26317 (27132.63 s) ...
2015-05-27 01:31:46,372 - semsig - INFO - 25700 of 26317 (27243.94 s) ...
2015-05-27 01:33:37,137 - semsig - INFO - 25800 of 26317 (27354.71 s) ...
2015-05-27 01:35:28,410 - semsig - INFO - 25900 of 26317 (27465.98 s) ...
2015-05-27 01:37:19,790 - semsig - INFO - 26000 of 26317 (27577.36 s) ...
2015-05-27 01:38:59,868 - semsig - INFO - 26100 of 26317 (27677.44 s) ...
2015-05-27 01:40:50,048 - semsig - INFO - 26200 of 26317 (27787.62 s) ...
2015-05-27 01:42:41,444 - semsig - INFO - 26300 of 26317 (27899.01 s) ...
2015-05-27 01:43:00,520 - semsig - INFO - Running random walk with restart... Done.
2015-05-27 01:43:00,520 - semsig - INFO - Adjacent cache info: CacheInfo(hits=0, misses=26317, maxsize=2, currsize=2)
2015-05-27 01:43:00,520 - semsig - INFO - Adjacent-and-prob cache info: CacheInfo(hits=3889797, misses=1366887, maxsize=1000000, currsize=1000000)
2015-05-27 01:43:00,520 - semsig - INFO - Step cache info: CacheInfo(hits=3946057855, misses=1441291, maxsize=1000000, currsize=1000000)
